# JRE version: OpenJDK Runtime Environment Microsoft-11369940 (21.0.7+6) (build 21.0.7+6-LTS)
# Java VM: OpenJDK 64-Bit Server VM Microsoft-11369940 (21.0.7+6-LTS, mixed mode, sharing, tiered, compressed oops, compressed class ptrs, g1 gc, windows-amd64)
GC Precious Log:
 CardTable entry size: 512
 Card Set container configuration: InlinePtr #cards 4 size 8 Array Of Cards #cards 16 size 48 Howl #buckets 8 coarsen threshold 3686 Howl Bitmap #cards 512 size 80 coarsen threshold 460 Card regions per heap region 1 cards per card region 4096
 CPUs: 8 total, 8 available
 Memory: 12065M
 Large Page Support: Disabled
 NUMA Support: Disabled
 Compressed Oops: Enabled (Zero based)
 Heap Region Size: 2M
 Heap Min Capacity: 8M
 Heap Initial Capacity: 190M
 Heap Max Capacity: 3018M
 Pre-touch: Disabled
 Parallel Workers: 8
 Concurrent Workers: 2
 Concurrent Refinement Workers: 8
 Periodic GC: Disabled
Heap:
 garbage-first heap   total 163840K, used 58290K [0x0000000743600000, 0x0000000800000000)
  region size 2048K, 23 young (47104K), 3 survivors (6144K)
 Metaspace       used 26622K, committed 26944K, reserved 1114112K
  class space    used 2751K, committed 2880K, reserved 1048576K
GC Heap History (12 events):
Event: 1.075 GC heap before
{Heap before GC invocations=0 (full 0):
 garbage-first heap   total 194560K, used 22528K [0x0000000743600000, 0x0000000800000000)
  region size 2048K, 11 young (22528K), 0 survivors (0K)
 Metaspace       used 2205K, committed 2368K, reserved 1114112K
  class space    used 175K, committed 256K, reserved 1048576K
}
Event: 1.084 GC heap after
{Heap after GC invocations=1 (full 0):
 garbage-first heap   total 194560K, used 13649K [0x0000000743600000, 0x0000000800000000)
  region size 2048K, 2 young (4096K), 2 survivors (4096K)
 Metaspace       used 2205K, committed 2368K, reserved 1114112K
  class space    used 175K, committed 256K, reserved 1048576K
}
Event: 1.743 GC heap before
{Heap before GC invocations=1 (full 0):
 garbage-first heap   total 194560K, used 27985K [0x0000000743600000, 0x0000000800000000)
  region size 2048K, 9 young (18432K), 2 survivors (4096K)
 Metaspace       used 4950K, committed 5120K, reserved 1114112K
  class space    used 555K, committed 640K, reserved 1048576K
}
Event: 1.749 GC heap after
{Heap after GC invocations=2 (full 0):
 garbage-first heap   total 194560K, used 15538K [0x0000000743600000, 0x0000000800000000)
  region size 2048K, 1 young (2048K), 1 survivors (2048K)
 Metaspace       used 4950K, committed 5120K, reserved 1114112K
  class space    used 555K, committed 640K, reserved 1048576K
}
Event: 6.385 GC heap before
{Heap before GC invocations=2 (full 0):
 garbage-first heap   total 194560K, used 97458K [0x0000000743600000, 0x0000000800000000)
  region size 2048K, 10 young (20480K), 1 survivors (2048K)
 Metaspace       used 7720K, committed 7936K, reserved 1114112K
  class space    used 916K, committed 1024K, reserved 1048576K
}
Event: 6.390 GC heap after
{Heap after GC invocations=3 (full 0):
 garbage-first heap   total 194560K, used 36664K [0x0000000743600000, 0x0000000800000000)
  region size 2048K, 2 young (4096K), 2 survivors (4096K)
 Metaspace       used 7720K, committed 7936K, reserved 1114112K
  class space    used 916K, committed 1024K, reserved 1048576K
}
Event: 9.254 GC heap before
{Heap before GC invocations=3 (full 0):
 garbage-first heap   total 194560K, used 188216K [0x0000000743600000, 0x0000000800000000)
  region size 2048K, 52 young (106496K), 2 survivors (4096K)
 Metaspace       used 16381K, committed 16640K, reserved 1114112K
  class space    used 1735K, committed 1856K, reserved 1048576K
}
Event: 9.259 GC heap after
{Heap after GC invocations=4 (full 0):
 garbage-first heap   total 194560K, used 45898K [0x0000000743600000, 0x0000000800000000)
  region size 2048K, 2 young (4096K), 2 survivors (4096K)
 Metaspace       used 16381K, committed 16640K, reserved 1114112K
  class space    used 1735K, committed 1856K, reserved 1048576K
}
Event: 10.171 GC heap before
{Heap before GC invocations=4 (full 0):
 garbage-first heap   total 194560K, used 74570K [0x0000000743600000, 0x0000000800000000)
  region size 2048K, 17 young (34816K), 2 survivors (4096K)
 Metaspace       used 21187K, committed 21504K, reserved 1114112K
  class space    used 2189K, committed 2368K, reserved 1048576K
}
Event: 10.178 GC heap after
{Heap after GC invocations=5 (full 0):
 garbage-first heap   total 194560K, used 47230K [0x0000000743600000, 0x0000000800000000)
  region size 2048K, 3 young (6144K), 3 survivors (6144K)
 Metaspace       used 21187K, committed 21504K, reserved 1114112K
  class space    used 2189K, committed 2368K, reserved 1048576K
}
Event: 11.871 GC heap before
{Heap before GC invocations=6 (full 0):
 garbage-first heap   total 163840K, used 139390K [0x0000000743600000, 0x0000000800000000)
  region size 2048K, 48 young (98304K), 3 survivors (6144K)
 Metaspace       used 24017K, committed 24384K, reserved 1114112K
  class space    used 2466K, committed 2624K, reserved 1048576K
}
Event: 11.881 GC heap after
{Heap after GC invocations=7 (full 0):
 garbage-first heap   total 163840K, used 19378K [0x0000000743600000, 0x0000000800000000)
  region size 2048K, 3 young (6144K), 3 survivors (6144K)
 Metaspace       used 24017K, committed 24384K, reserved 1114112K
  class space    used 2466K, committed 2624K, reserved 1048576K
}

