# JRE version: OpenJDK Runtime Environment Microsoft-11369940 (21.0.7+6) (build 21.0.7+6-LTS)
# Java VM: OpenJDK 64-Bit Server VM Microsoft-11369940 (21.0.7+6-LTS, mixed mode, sharing, tiered, compressed oops, compressed class ptrs, g1 gc, windows-amd64)
GC Precious Log:
 CardTable entry size: 512
 Card Set container configuration: InlinePtr #cards 4 size 8 Array Of Cards #cards 16 size 48 Howl #buckets 8 coarsen threshold 3686 Howl Bitmap #cards 512 size 80 coarsen threshold 460 Card regions per heap region 1 cards per card region 4096
 CPUs: 8 total, 8 available
 Memory: 12065M
 Large Page Support: Disabled
 NUMA Support: Disabled
 Compressed Oops: Enabled (Zero based)
 Heap Region Size: 2M
 Heap Min Capacity: 8M
 Heap Initial Capacity: 190M
 Heap Max Capacity: 3018M
 Pre-touch: Disabled
 Parallel Workers: 8
 Concurrent Workers: 2
 Concurrent Refinement Workers: 8
 Periodic GC: Disabled
Heap:
 garbage-first heap   total 163840K, used 57881K [0x0000000743600000, 0x0000000800000000)
  region size 2048K, 23 young (47104K), 3 survivors (6144K)
 Metaspace       used 26637K, committed 26944K, reserved 1114112K
  class space    used 2752K, committed 2880K, reserved 1048576K
GC Heap History (12 events):
Event: 1.233 GC heap before
{Heap before GC invocations=0 (full 0):
 garbage-first heap   total 194560K, used 24576K [0x0000000743600000, 0x0000000800000000)
  region size 2048K, 11 young (22528K), 0 survivors (0K)
 Metaspace       used 2222K, committed 2368K, reserved 1114112K
  class space    used 175K, committed 256K, reserved 1048576K
}
Event: 1.242 GC heap after
{Heap after GC invocations=1 (full 0):
 garbage-first heap   total 194560K, used 13936K [0x0000000743600000, 0x0000000800000000)
  region size 2048K, 2 young (4096K), 2 survivors (4096K)
 Metaspace       used 2222K, committed 2368K, reserved 1114112K
  class space    used 175K, committed 256K, reserved 1048576K
}
Event: 1.970 GC heap before
{Heap before GC invocations=1 (full 0):
 garbage-first heap   total 194560K, used 28272K [0x0000000743600000, 0x0000000800000000)
  region size 2048K, 9 young (18432K), 2 survivors (4096K)
 Metaspace       used 5027K, committed 5248K, reserved 1114112K
  class space    used 565K, committed 640K, reserved 1048576K
}
Event: 1.977 GC heap after
{Heap after GC invocations=2 (full 0):
 garbage-first heap   total 194560K, used 15427K [0x0000000743600000, 0x0000000800000000)
  region size 2048K, 1 young (2048K), 1 survivors (2048K)
 Metaspace       used 5027K, committed 5248K, reserved 1114112K
  class space    used 565K, committed 640K, reserved 1048576K
}
Event: 6.111 GC heap before
{Heap before GC invocations=2 (full 0):
 garbage-first heap   total 194560K, used 97347K [0x0000000743600000, 0x0000000800000000)
  region size 2048K, 10 young (20480K), 1 survivors (2048K)
 Metaspace       used 7735K, committed 8000K, reserved 1114112K
  class space    used 916K, committed 1024K, reserved 1048576K
}
Event: 6.118 GC heap after
{Heap after GC invocations=3 (full 0):
 garbage-first heap   total 194560K, used 36624K [0x0000000743600000, 0x0000000800000000)
  region size 2048K, 2 young (4096K), 2 survivors (4096K)
 Metaspace       used 7735K, committed 8000K, reserved 1114112K
  class space    used 916K, committed 1024K, reserved 1048576K
}
Event: 8.738 GC heap before
{Heap before GC invocations=3 (full 0):
 garbage-first heap   total 194560K, used 184080K [0x0000000743600000, 0x0000000800000000)
  region size 2048K, 50 young (102400K), 2 survivors (4096K)
 Metaspace       used 15680K, committed 15936K, reserved 1114112K
  class space    used 1614K, committed 1728K, reserved 1048576K
}
Event: 8.743 GC heap after
{Heap after GC invocations=4 (full 0):
 garbage-first heap   total 194560K, used 45810K [0x0000000743600000, 0x0000000800000000)
  region size 2048K, 2 young (4096K), 2 survivors (4096K)
 Metaspace       used 15680K, committed 15936K, reserved 1114112K
  class space    used 1614K, committed 1728K, reserved 1048576K
}
Event: 9.750 GC heap before
{Heap before GC invocations=4 (full 0):
 garbage-first heap   total 194560K, used 78578K [0x0000000743600000, 0x0000000800000000)
  region size 2048K, 19 young (38912K), 2 survivors (4096K)
 Metaspace       used 21191K, committed 21504K, reserved 1114112K
  class space    used 2189K, committed 2368K, reserved 1048576K
}
Event: 9.757 GC heap after
{Heap after GC invocations=5 (full 0):
 garbage-first heap   total 194560K, used 47052K [0x0000000743600000, 0x0000000800000000)
  region size 2048K, 3 young (6144K), 3 survivors (6144K)
 Metaspace       used 21191K, committed 21504K, reserved 1114112K
  class space    used 2189K, committed 2368K, reserved 1048576K
}
Event: 11.474 GC heap before
{Heap before GC invocations=6 (full 0):
 garbage-first heap   total 163840K, used 139212K [0x0000000743600000, 0x0000000800000000)
  region size 2048K, 48 young (98304K), 3 survivors (6144K)
 Metaspace       used 24032K, committed 24384K, reserved 1114112K
  class space    used 2467K, committed 2624K, reserved 1048576K
}
Event: 11.481 GC heap after
{Heap after GC invocations=7 (full 0):
 garbage-first heap   total 163840K, used 18969K [0x0000000743600000, 0x0000000800000000)
  region size 2048K, 3 young (6144K), 3 survivors (6144K)
 Metaspace       used 24032K, committed 24384K, reserved 1114112K
  class space    used 2467K, committed 2624K, reserved 1048576K
}

